Determining size of unsigned __int16 failed with the following output:
Change Dir: /home/boris/cpp-advanced-hse/cmake-build-release/CMakeFiles/CMakeTmp

Run Build Command(s):/snap/clion/219/bin/ninja/linux/ninja cmTC_713f0 && [1/2] Building CXX object CMakeFiles/cmTC_713f0.dir/HAVE___UINT16.cpp.o
FAILED: CMakeFiles/cmTC_713f0.dir/HAVE___UINT16.cpp.o 
/usr/bin/c++   -Wall -Wextra -Wpedantic -g  -fPIE -fdiagnostics-color=always -o CMakeFiles/cmTC_713f0.dir/HAVE___UINT16.cpp.o -c /home/boris/cpp-advanced-hse/cmake-build-release/CMakeFiles/CheckTypeSize/HAVE___UINT16.cpp
/home/boris/cpp-advanced-hse/cmake-build-release/CMakeFiles/CheckTypeSize/HAVE___UINT16.cpp:27:22: error: expected primary-expression before ‘unsigned’
   27 | #define SIZE (sizeof(unsigned __int16))
      |                      ^~~~~~~~
/home/boris/cpp-advanced-hse/cmake-build-release/CMakeFiles/CheckTypeSize/HAVE___UINT16.cpp:29:12: note: in expansion of macro ‘SIZE’
   29 |   ('0' + ((SIZE / 10000)%10)),
      |            ^~~~
/home/boris/cpp-advanced-hse/cmake-build-release/CMakeFiles/CheckTypeSize/HAVE___UINT16.cpp:27:22: error: expected ‘)’ before ‘unsigned’
   27 | #define SIZE (sizeof(unsigned __int16))
      |                     ~^~~~~~~~
/home/boris/cpp-advanced-hse/cmake-build-release/CMakeFiles/CheckTypeSize/HAVE___UINT16.cpp:29:12: note: in expansion of macro ‘SIZE’
   29 |   ('0' + ((SIZE / 10000)%10)),
      |            ^~~~
/home/boris/cpp-advanced-hse/cmake-build-release/CMakeFiles/CheckTypeSize/HAVE___UINT16.cpp:38:7: error: expected ‘)’ before ‘}’ token
   38 |   '\0'};
      |       ^
      |       )
/home/boris/cpp-advanced-hse/cmake-build-release/CMakeFiles/CheckTypeSize/HAVE___UINT16.cpp:27:14: note: to match this ‘(’
   27 | #define SIZE (sizeof(unsigned __int16))
      |              ^
/home/boris/cpp-advanced-hse/cmake-build-release/CMakeFiles/CheckTypeSize/HAVE___UINT16.cpp:29:12: note: in expansion of macro ‘SIZE’
   29 |   ('0' + ((SIZE / 10000)%10)),
      |            ^~~~
/home/boris/cpp-advanced-hse/cmake-build-release/CMakeFiles/CheckTypeSize/HAVE___UINT16.cpp:38:7: error: expected ‘)’ before ‘}’ token
   38 |   '\0'};
      |       ^
      |       )
/home/boris/cpp-advanced-hse/cmake-build-release/CMakeFiles/CheckTypeSize/HAVE___UINT16.cpp:29:11: note: to match this ‘(’
   29 |   ('0' + ((SIZE / 10000)%10)),
      |           ^
/home/boris/cpp-advanced-hse/cmake-build-release/CMakeFiles/CheckTypeSize/HAVE___UINT16.cpp:38:7: error: expected ‘)’ before ‘}’ token
   38 |   '\0'};
      |       ^
      |       )
/home/boris/cpp-advanced-hse/cmake-build-release/CMakeFiles/CheckTypeSize/HAVE___UINT16.cpp:29:10: note: to match this ‘(’
   29 |   ('0' + ((SIZE / 10000)%10)),
      |          ^
/home/boris/cpp-advanced-hse/cmake-build-release/CMakeFiles/CheckTypeSize/HAVE___UINT16.cpp:38:7: error: expected ‘)’ before ‘}’ token
   38 |   '\0'};
      |       ^
      |       )
/home/boris/cpp-advanced-hse/cmake-build-release/CMakeFiles/CheckTypeSize/HAVE___UINT16.cpp:29:3: note: to match this ‘(’
   29 |   ('0' + ((SIZE / 10000)%10)),
      |   ^
ninja: build stopped: subcommand failed.


/home/boris/cpp-advanced-hse/cmake-build-release/CMakeFiles/CheckTypeSize/HAVE___UINT16.cpp:
#include <sys/types.h>
#include <stdint.h>
#include <stddef.h>


#undef KEY
#if defined(__i386)
# define KEY '_','_','i','3','8','6'
#elif defined(__x86_64)
# define KEY '_','_','x','8','6','_','6','4'
#elif defined(__PPC64__)
# define KEY '_','_','P','P','C','6','4','_','_'
#elif defined(__ppc64__)
# define KEY '_','_','p','p','c','6','4','_','_'
#elif defined(__PPC__)
# define KEY '_','_','P','P','C','_','_'
#elif defined(__ppc__)
# define KEY '_','_','p','p','c','_','_'
#elif defined(__aarch64__)
# define KEY '_','_','a','a','r','c','h','6','4','_','_'
#elif defined(__ARM_ARCH_7A__)
# define KEY '_','_','A','R','M','_','A','R','C','H','_','7','A','_','_'
#elif defined(__ARM_ARCH_7S__)
# define KEY '_','_','A','R','M','_','A','R','C','H','_','7','S','_','_'
#endif

#define SIZE (sizeof(unsigned __int16))
static char info_size[] =  {'I', 'N', 'F', 'O', ':', 's','i','z','e','[',
  ('0' + ((SIZE / 10000)%10)),
  ('0' + ((SIZE / 1000)%10)),
  ('0' + ((SIZE / 100)%10)),
  ('0' + ((SIZE / 10)%10)),
  ('0' +  (SIZE    % 10)),
  ']',
#ifdef KEY
  ' ','k','e','y','[', KEY, ']',
#endif
  '\0'};

#ifdef __CLASSIC_C__
int main(argc, argv) int argc; char *argv[];
#else
int main(int argc, char *argv[])
#endif
{
  int require = 0;
  require += info_size[argc];
  (void)argv;
  return require;
}


Performing C++ SOURCE FILE Test HAVE_NO_UNNAMED_TYPE_TEMPLATE_ARGS failed with the following output:
Change Dir: /home/boris/cpp-advanced-hse/cmake-build-release/CMakeFiles/CMakeTmp

Run Build Command(s):/snap/clion/219/bin/ninja/linux/ninja cmTC_fbfd5 && [1/2] Building CXX object CMakeFiles/cmTC_fbfd5.dir/src.cxx.o
FAILED: CMakeFiles/cmTC_fbfd5.dir/src.cxx.o 
/usr/bin/c++ -DHAVE_NO_UNNAMED_TYPE_TEMPLATE_ARGS  -Wall -Wextra -Wpedantic -g  -fPIE -fdiagnostics-color=always   -Wunnamed-type-template-args -o CMakeFiles/cmTC_fbfd5.dir/src.cxx.o -c /home/boris/cpp-advanced-hse/cmake-build-release/CMakeFiles/CMakeTmp/src.cxx
c++: error: unrecognized command-line option '-Wunnamed-type-template-args'
ninja: build stopped: subcommand failed.


Source file was:
int main() { return 0; }
Determining if the pthread_threadid_np exist failed with the following output:
Change Dir: /home/boris/cpp-advanced-hse/cmake-build-release/CMakeFiles/CMakeTmp

Run Build Command(s):/snap/clion/219/bin/ninja/linux/ninja cmTC_791eb && [1/2] Building CXX object CMakeFiles/cmTC_791eb.dir/CheckSymbolExists.cxx.o
FAILED: CMakeFiles/cmTC_791eb.dir/CheckSymbolExists.cxx.o 
/usr/bin/c++   -Wall -Wextra -Wpedantic -g  -fPIE -fdiagnostics-color=always -o CMakeFiles/cmTC_791eb.dir/CheckSymbolExists.cxx.o -c /home/boris/cpp-advanced-hse/cmake-build-release/CMakeFiles/CMakeTmp/CheckSymbolExists.cxx
/home/boris/cpp-advanced-hse/cmake-build-release/CMakeFiles/CMakeTmp/CheckSymbolExists.cxx: In function ‘int main(int, char**)’:
/home/boris/cpp-advanced-hse/cmake-build-release/CMakeFiles/CMakeTmp/CheckSymbolExists.cxx:8:19: error: ‘pthread_threadid_np’ was not declared in this scope; did you mean ‘pthread_tryjoin_np’?
    8 |   return ((int*)(&pthread_threadid_np))[argc];
      |                   ^~~~~~~~~~~~~~~~~~~
      |                   pthread_tryjoin_np
ninja: build stopped: subcommand failed.


File /home/boris/cpp-advanced-hse/cmake-build-release/CMakeFiles/CMakeTmp/CheckSymbolExists.cxx:
/* */
#include <pthread.h>

int main(int argc, char** argv)
{
  (void)argv;
#ifndef pthread_threadid_np
  return ((int*)(&pthread_threadid_np))[argc];
#else
  (void)argc;
  return 0;
#endif
}
Determining if the function UnDecorateSymbolName exists in the dbghelp failed with the following output:
Change Dir: /home/boris/cpp-advanced-hse/cmake-build-release/CMakeFiles/CMakeTmp

Run Build Command(s):/snap/clion/219/bin/ninja/linux/ninja cmTC_24c7b && [1/2] Building C object CMakeFiles/cmTC_24c7b.dir/CheckFunctionExists.c.o
[2/2] Linking C executable cmTC_24c7b
FAILED: cmTC_24c7b 
: && /usr/bin/cc -DCHECK_FUNCTION_EXISTS=UnDecorateSymbolName -rdynamic CMakeFiles/cmTC_24c7b.dir/CheckFunctionExists.c.o -o cmTC_24c7b  -ldbghelp && :
/usr/bin/ld: cannot find -ldbghelp: No such file or directory
collect2: error: ld returned 1 exit status
ninja: build stopped: subcommand failed.



Performing C++ SOURCE FILE Test HAVE___DECLSPEC failed with the following output:
Change Dir: /home/boris/cpp-advanced-hse/cmake-build-release/CMakeFiles/CMakeTmp

Run Build Command(s):/snap/clion/219/bin/ninja/linux/ninja cmTC_35def && [1/2] Building CXX object CMakeFiles/cmTC_35def.dir/src.cxx.o
FAILED: CMakeFiles/cmTC_35def.dir/src.cxx.o 
/usr/bin/c++ -DHAVE___DECLSPEC  -Wall -Wextra -Wpedantic -g  -fPIE -fdiagnostics-color=always -o CMakeFiles/cmTC_35def.dir/src.cxx.o -c /home/boris/cpp-advanced-hse/cmake-build-release/CMakeFiles/CMakeTmp/src.cxx
/home/boris/cpp-advanced-hse/cmake-build-release/CMakeFiles/CMakeTmp/src.cxx:2:11: error: expected constructor, destructor, or type conversion before ‘(’ token
    2 | __declspec(selectany) int a;
      |           ^
ninja: build stopped: subcommand failed.


Source file was:

__declspec(selectany) int a;
int main(void) { return 0; }

Performing C++ SOURCE FILE Test STL_NO_NAMESPACE failed with the following output:
Change Dir: /home/boris/cpp-advanced-hse/cmake-build-release/CMakeFiles/CMakeTmp

Run Build Command(s):/snap/clion/219/bin/ninja/linux/ninja cmTC_a822d && [1/2] Building CXX object CMakeFiles/cmTC_a822d.dir/src.cxx.o
FAILED: CMakeFiles/cmTC_a822d.dir/src.cxx.o 
/usr/bin/c++ -DSTL_NO_NAMESPACE  -Wall -Wextra -Wpedantic -g  -fPIE -fdiagnostics-color=always -o CMakeFiles/cmTC_a822d.dir/src.cxx.o -c /home/boris/cpp-advanced-hse/cmake-build-release/CMakeFiles/CMakeTmp/src.cxx
/home/boris/cpp-advanced-hse/cmake-build-release/CMakeFiles/CMakeTmp/src.cxx:3:1: error: ‘vector’ does not name a type
    3 | vector<int> t; int main() { }
      | ^~~~~~
ninja: build stopped: subcommand failed.


Source file was:

#include <vector>
vector<int> t; int main() { }

Performing C++ SOURCE FILE Test HAVE_MSVC_TLS failed with the following output:
Change Dir: /home/boris/cpp-advanced-hse/cmake-build-release/CMakeFiles/CMakeTmp

Run Build Command(s):/snap/clion/219/bin/ninja/linux/ninja cmTC_d4801 && [1/2] Building CXX object CMakeFiles/cmTC_d4801.dir/src.cxx.o
FAILED: CMakeFiles/cmTC_d4801.dir/src.cxx.o 
/usr/bin/c++ -DHAVE_MSVC_TLS  -Wall -Wextra -Wpedantic -g  -fPIE -fdiagnostics-color=always -o CMakeFiles/cmTC_d4801.dir/src.cxx.o -c /home/boris/cpp-advanced-hse/cmake-build-release/CMakeFiles/CMakeTmp/src.cxx
/home/boris/cpp-advanced-hse/cmake-build-release/CMakeFiles/CMakeTmp/src.cxx:2:11: error: expected constructor, destructor, or type conversion before ‘(’ token
    2 | __declspec(thread) int tls;
      |           ^
ninja: build stopped: subcommand failed.


Source file was:

__declspec(thread) int tls;
int main() { }

